INFO:root:STARTING PROGRAM
INFO:root:LOOKING FOR NOTES IN: C:\Users\jmeyer\02 - KMS\01 - KM\daily notes
INFO:root:READ POST OP NOTES FROM LAST NOTE: C:\Users\jmeyer\02 - KMS\01 - KM\daily notes\20220215 DN.md
INFO:root:CREATING FILE: C:\Users\jmeyer\02 - KMS\01 - KM\daily notes\20220216 DN.md
INFO:root:STARTING PROGRAM
INFO:root:LOOKING FOR NOTES IN: C:\Users\jmeyer\02 - KMS\01 - KM\daily notes
INFO:root:READ POST OP NOTES FROM LAST NOTE: C:\Users\jmeyer\02 - KMS\01 - KM\daily notes\20220215 DN.md
INFO:root:CREATING FILE: C:\Users\jmeyer\02 - KMS\01 - KM\daily notes\20220216 DN.md
INFO:root:READY TO EXIT
INFO:root:STARTING PROGRAM
INFO:root:LOOKING FOR NOTES IN: C:\Users\jmeyer\02 - KMS\01 - KM\daily notes
INFO:root:READ POST OP NOTES FROM LAST NOTE: C:\Users\jmeyer\02 - KMS\01 - KM\daily notes\20220215 DN.md
INFO:root:CREATING FILE: C:\Users\jmeyer\02 - KMS\01 - KM\daily notes\20220216 DN.md
INFO:root:READY TO EXIT
INFO:root:STARTING PROGRAM
INFO:root:LOOKING FOR NOTES IN: C:\Users\jmeyer\02 - KMS\01 - KM\daily notes
INFO:root:READ POST OP NOTES FROM LAST NOTE: C:\Users\jmeyer\02 - KMS\01 - KM\daily notes\20220215 DN.md
INFO:root:CREATING FILE: C:\Users\jmeyer\02 - KMS\01 - KM\daily notes\20220216 DN.md
INFO:root:READY TO EXIT
INFO:root:STARTING PROGRAM: 2022-02-16 09:27:13.933934
INFO:root:LOOKING FOR NOTES IN: C:\Users\jmeyer\02 - KMS\01 - KM\daily notes
INFO:root:READ POST OP NOTES FROM LAST NOTE: C:\Users\jmeyer\02 - KMS\01 - KM\daily notes\20220215 DN.md
INFO:root:CREATING FILE: C:\Users\jmeyer\02 - KMS\01 - KM\daily notes\20220216 DN.md
INFO:root:READY TO EXIT
INFO:root:STARTING PROGRAM: 2022-02-16 09:31:50.686397
INFO:root:LOOKING FOR NOTES IN: C:\Users\jmeyer\02 - KMS\01 - KM\daily notes
INFO:root:READ POST OP NOTES FROM LAST NOTE: C:\Users\jmeyer\02 - KMS\01 - KM\daily notes\20220215 DN.md
INFO:root:CREATING FILE: C:\Users\jmeyer\02 - KMS\01 - KM\daily notes\20220216 DN.md
INFO:root:READY TO EXIT
INFO:root:STARTING PROGRAM: 2022-02-16 09:32:25.740180
INFO:root:LOOKING FOR NOTES IN: C:\Users\jmeyer\02 - KMS\01 - KM\daily notes
INFO:root:READ POST OP NOTES FROM LAST NOTE: C:\Users\jmeyer\02 - KMS\01 - KM\daily notes\20220216 DN.md
INFO:root:CREATING FILE: C:\Users\jmeyer\02 - KMS\01 - KM\daily notes\20220216 DN.md
INFO:root:READY TO EXIT
INFO:root:STARTING PROGRAM: 2022-02-16 09:33:59.896933
INFO:root:LOOKING FOR NOTES IN: C:\Users\jmeyer\02 - KMS\01 - KM\daily notes
INFO:root:READ POST OP NOTES FROM LAST NOTE: C:\Users\jmeyer\02 - KMS\01 - KM\daily notes\20220215 DN.md
INFO:root:CREATING FILE: C:\Users\jmeyer\02 - KMS\01 - KM\daily notes\20220216 DN.md
INFO:root:READY TO EXIT
INFO:root:STARTING PROGRAM: 2022-02-16 09:34:34.813580
INFO:root:LOOKING FOR NOTES IN: C:\Users\jmeyer\02 - KMS\01 - KM\daily notes
INFO:root:READ POST OP NOTES FROM LAST NOTE: C:\Users\jmeyer\02 - KMS\01 - KM\daily notes\20220215 DN.md
INFO:root:CREATING FILE: C:\Users\jmeyer\02 - KMS\01 - KM\daily notes\20220216 DN.md
INFO:root:STARTING PROGRAM: 2022-02-17 06:00:02.092143
INFO:root:LOOKING FOR NOTES IN: C:\Users\jmeyer\02 - KMS\01 - KM\daily notes
INFO:root:READ POST OP NOTES FROM LAST NOTE: C:\Users\jmeyer\02 - KMS\01 - KM\daily notes\20220216 DN.md
INFO:root:CREATING FILE: C:\Users\jmeyer\02 - KMS\01 - KM\daily notes\20220217 DN.md
